<?xml version="1.0" encoding="UTF-8"?>
<testsuite xmlns:xsi="http://www.w3.org/2001/XMLSchema-instance" xsi:noNamespaceSchemaLocation="https://maven.apache.org/surefire/maven-surefire-plugin/xsd/surefire-test-report.xsd" version="3.0.2" name="org.springdoc.demo.mcp.ApplicationTests" time="0.007" tests="1" errors="0" skipped="0" failures="0" flakes="0">
  <properties>
[...]
</properties>
  <testcase name="contextLoads" classname="org.springdoc.demo.mcp.ApplicationTests" time="0.002">
    <system-out><![CDATA[2026-09-06T18:46:52.702+02:00  INFO 98316 --- [demo-spring-boot-mcp] [           main] t.c.s.AnnotationConfigContextLoaderUtils : Could not detect default configuration classes for test class [org.springdoc.demo.mcp.ApplicationTests]: ApplicationTests does not declare any static, non-private, non-final, nested classes annotated with @Configuration.
2026-09-06T18:46:52.703+02:00  INFO 98316 --- [demo-spring-boot-mcp] [           main] .b.t.c.SpringBootTestContextBootstrapper : Found @SpringBootConfiguration org.springdoc.demo.mcp.Application for test class org.springdoc.demo.mcp.ApplicationTests
2026-09-06T18:46:52.704+02:00  INFO 98316 --- [demo-spring-boot-mcp] [           main] t.c.s.AnnotationConfigContextLoaderUtils : Could not detect default configuration classes for test class [org.springdoc.demo.mcp.ApplicationTests]: ApplicationTests does not declare any static, non-private, non-final, nested classes annotated with @Configuration.
2026-09-06T18:46:52.704+02:00  INFO 98316 --- [demo-spring-boot-mcp] [           main] .b.t.c.SpringBootTestContextBootstrapper : Found @SpringBootConfiguration org.springdoc.demo.mcp.Application for test class org.springdoc.demo.mcp.ApplicationTests
]]></system-out>
  </testcase>
</testsuite>